<?xml version="1.0" encoding="UTF-8"?>
<!-- Generated by org.testng.reporters.JUnitReportReporter -->
<testsuite hostname="DESKTOP-S0OT7OH" failures="0" tests="1" name="practice.ParametersTest" time="0.021" errors="0" timestamp="2023-03-09T13:33:30 IST" skipped="0">
  <testcase classname="practice.ParametersTest" name="m" time="0.021"/>
  <system-out/>
</testsuite> <!-- practice.ParametersTest -->
