<?xml version="1.0" encoding="UTF-8"?>
<!-- Generated by org.testng.reporters.JUnitReportReporter -->
<testsuite hostname="DESKTOP-S0OT7OH" failures="0" tests="1" name="practice.SampleTest" time="29.703" errors="0" timestamp="2023-03-09T13:29:13 IST" skipped="0">
  <testcase classname="practice.SampleTest" name="m1" time="29.703"/>
  <system-out/>
</testsuite> <!-- practice.SampleTest -->
