<?xml version="1.0" encoding="UTF-8"?>
<!-- Generated by org.testng.reporters.JUnitReportReporter -->
<testsuite hostname="DESKTOP-S0OT7OH" failures="0" tests="1" name="practice.BrowserTest" time="0.024" errors="0" timestamp="2023-03-09T13:36:17 IST" skipped="0">
  <testcase classname="practice.BrowserTest" name="m1" time="0.024"/>
  <system-out/>
</testsuite> <!-- practice.BrowserTest -->
